  Primary.c
D:\Long-walk-slowly-C\C语言学习代码_高级\Section_3\Primary.c(9,7): warning C4013: “func4”未定义；假设外部返回 int
D:\Long-walk-slowly-C\C语言学习代码_高级\Section_3\Primary.c(41,9): warning C4477: “printf”: 格式字符串“%d”需要类型“int”的参数，但可变参数 1 拥有了类型“size_t”
D:\Long-walk-slowly-C\C语言学习代码_高级\Section_3\Primary.c(41,9): message : 请考虑在格式字符串中使用“%zd”
D:\Long-walk-slowly-C\C语言学习代码_高级\Section_3\Primary.c(42,9): warning C4477: “printf”: 格式字符串“%d”需要类型“int”的参数，但可变参数 1 拥有了类型“size_t”
D:\Long-walk-slowly-C\C语言学习代码_高级\Section_3\Primary.c(42,9): message : 请考虑在格式字符串中使用“%zd”
D:\Long-walk-slowly-C\C语言学习代码_高级\Section_3\Primary.c(43,9): warning C4477: “printf”: 格式字符串“%d”需要类型“int”的参数，但可变参数 1 拥有了类型“size_t”
D:\Long-walk-slowly-C\C语言学习代码_高级\Section_3\Primary.c(43,9): message : 请考虑在格式字符串中使用“%zd”
D:\Long-walk-slowly-C\C语言学习代码_高级\Section_3\Primary.c(138,9): warning C4477: “printf”: 格式字符串“%d”需要类型“int”的参数，但可变参数 1 拥有了类型“size_t”
D:\Long-walk-slowly-C\C语言学习代码_高级\Section_3\Primary.c(138,9): message : 请考虑在格式字符串中使用“%zd”
D:\Long-walk-slowly-C\C语言学习代码_高级\Section_3\Primary.c(139,9): warning C4477: “printf”: 格式字符串“%d”需要类型“int”的参数，但可变参数 1 拥有了类型“size_t”
D:\Long-walk-slowly-C\C语言学习代码_高级\Section_3\Primary.c(139,9): message : 请考虑在格式字符串中使用“%zd”
D:\Long-walk-slowly-C\C语言学习代码_高级\Section_3\Primary.c(140,9): warning C4477: “printf”: 格式字符串“%d”需要类型“int”的参数，但可变参数 1 拥有了类型“size_t”
D:\Long-walk-slowly-C\C语言学习代码_高级\Section_3\Primary.c(140,9): message : 请考虑在格式字符串中使用“%zd”
D:\Long-walk-slowly-C\C语言学习代码_高级\Section_3\Primary.c(213,9): warning C4477: “printf”: 格式字符串“%d”需要类型“int”的参数，但可变参数 1 拥有了类型“size_t”
D:\Long-walk-slowly-C\C语言学习代码_高级\Section_3\Primary.c(213,9): message : 请考虑在格式字符串中使用“%zd”
D:\Long-walk-slowly-C\C语言学习代码_高级\Section_3\Primary.c(300,9): warning C4477: “printf”: 格式字符串“%d”需要类型“int”的参数，但可变参数 1 拥有了类型“size_t”
D:\Long-walk-slowly-C\C语言学习代码_高级\Section_3\Primary.c(300,9): message : 请考虑在格式字符串中使用“%zd”
D:\Long-walk-slowly-C\C语言学习代码_高级\Section_3\Primary.c(304): warning C4716: “func4”: 必须返回一个值
  Section_3.vcxproj -> D:\Long-walk-slowly-C\C语言学习代码_高级\Section_3\x64\Debug\Section_3.exe
