D:\Microsoft Visual Studio\2022\Community\MSBuild\Microsoft\VC\v170\Microsoft.CppBuild.targets(514,5): warning MSB8028: 中间目录(x64\Debug\)包含从另一个项目(p1-15.vcxproj, p1_~.vcxproj)共享的文件。   这会导致错误的清除和重新生成行为。
  test.c
D:\Long-walk-slowly-C\p1-15\test.c(29,14): warning C4013: “define_macro”未定义；假设外部返回 int
D:\Long-walk-slowly-C\p1-15\test.c(41,9): warning C4477: “printf”: 格式字符串“%d”需要类型“int”的参数，但可变参数 1 拥有了类型“size_t”
D:\Long-walk-slowly-C\p1-15\test.c(41,9): message : 请考虑在格式字符串中使用“%zd”
D:\Long-walk-slowly-C\p1-15\test.c(42,9): warning C4477: “printf”: 格式字符串“%d”需要类型“int”的参数，但可变参数 1 拥有了类型“size_t”
D:\Long-walk-slowly-C\p1-15\test.c(42,9): message : 请考虑在格式字符串中使用“%zd”
D:\Long-walk-slowly-C\p1-15\test.c(43,9): warning C4477: “printf”: 格式字符串“%d”需要类型“int”的参数，但可变参数 1 拥有了类型“size_t”
D:\Long-walk-slowly-C\p1-15\test.c(43,9): message : 请考虑在格式字符串中使用“%zd”
D:\Long-walk-slowly-C\p1-15\test.c(44,9): warning C4477: “printf”: 格式字符串“%d”需要类型“int”的参数，但可变参数 1 拥有了类型“size_t”
D:\Long-walk-slowly-C\p1-15\test.c(44,9): message : 请考虑在格式字符串中使用“%zd”
D:\Long-walk-slowly-C\p1-15\test.c(45,9): warning C4477: “printf”: 格式字符串“%d”需要类型“int”的参数，但可变参数 1 拥有了类型“size_t”
D:\Long-walk-slowly-C\p1-15\test.c(45,9): message : 请考虑在格式字符串中使用“%zd”
D:\Long-walk-slowly-C\p1-15\test.c(46,9): warning C4477: “printf”: 格式字符串“%d”需要类型“int”的参数，但可变参数 1 拥有了类型“size_t”
D:\Long-walk-slowly-C\p1-15\test.c(46,9): message : 请考虑在格式字符串中使用“%zd”
D:\Long-walk-slowly-C\p1-15\test.c(47,9): warning C4477: “printf”: 格式字符串“%d”需要类型“int”的参数，但可变参数 1 拥有了类型“size_t”
D:\Long-walk-slowly-C\p1-15\test.c(47,9): message : 请考虑在格式字符串中使用“%zd”
D:\Long-walk-slowly-C\p1-15\test.c(158,9): warning C4477: “printf”: 格式字符串“%d”需要类型“int”的参数，但可变参数 1 拥有了类型“size_t”
D:\Long-walk-slowly-C\p1-15\test.c(158,9): message : 请考虑在格式字符串中使用“%zd”
D:\Long-walk-slowly-C\p1-15\test.c(159,9): warning C4477: “printf”: 格式字符串“%d”需要类型“int”的参数，但可变参数 1 拥有了类型“size_t”
D:\Long-walk-slowly-C\p1-15\test.c(159,9): message : 请考虑在格式字符串中使用“%zd”
D:\Long-walk-slowly-C\p1-15\test.c(160,9): warning C4477: “printf”: 格式字符串“%d”需要类型“int”的参数，但可变参数 1 拥有了类型“size_t”
D:\Long-walk-slowly-C\p1-15\test.c(160,9): message : 请考虑在格式字符串中使用“%zd”
D:\Long-walk-slowly-C\p1-15\test.c(156,18): warning C4267: “初始化”: 从“size_t”转换到“int”，可能丢失数据
D:\Long-walk-slowly-C\p1-15\test.c(169,9): warning C4477: “printf”: 格式字符串“%d”需要类型“int”的参数，但可变参数 1 拥有了类型“size_t”
D:\Long-walk-slowly-C\p1-15\test.c(169,9): message : 请考虑在格式字符串中使用“%zd”
D:\Long-walk-slowly-C\p1-15\test.c(171,9): warning C4477: “printf”: 格式字符串“%d”需要类型“int”的参数，但可变参数 1 拥有了类型“size_t”
D:\Long-walk-slowly-C\p1-15\test.c(171,9): message : 请考虑在格式字符串中使用“%zd”
D:\Long-walk-slowly-C\p1-15\test.c(270,9): warning C4477: “printf”: 格式字符串“%d”需要类型“int”的参数，但可变参数 1 拥有了类型“size_t”
D:\Long-walk-slowly-C\p1-15\test.c(270,9): message : 请考虑在格式字符串中使用“%zd”
D:\Long-walk-slowly-C\p1-15\test.c(271,9): warning C4477: “printf”: 格式字符串“%d”需要类型“int”的参数，但可变参数 1 拥有了类型“size_t”
D:\Long-walk-slowly-C\p1-15\test.c(271,9): message : 请考虑在格式字符串中使用“%zd”
D:\Long-walk-slowly-C\p1-15\test.c(420): warning C4716: “Keywords_static”: 必须返回一个值
  p1-15.vcxproj -> D:\Long-walk-slowly-C\p1-15\x64\Debug\1 section.exe
